{"contracts/LOT.sol":{"l":{"9":1104},"path":"/Users/ivanlieskov/Documents/GitHub/Lottery/contracts/LOT.sol","s":{"1":1104},"b":{},"f":{"1":1104},"fnMap":{"1":{"name":"constructor","line":8,"loc":{"start":{"line":8,"column":4},"end":{"line":10,"column":4}}}},"statementMap":{"1":{"start":{"line":9,"column":8},"end":{"line":9,"column":39}}},"branchMap":{}},"contracts/Lottery.sol":{"l":{"128":1104,"129":1104,"130":1104,"131":1104,"132":1104,"133":1104,"134":1104,"135":1104,"136":1104,"137":1104,"138":1104,"139":1104,"140":1104,"141":1104,"156":126,"157":124,"158":124,"159":124,"160":124,"161":124,"162":124,"179":43,"180":41,"181":40,"182":40,"183":40,"184":40,"185":40,"186":40,"204":21,"205":19,"206":18,"207":18,"208":18,"219":18,"220":18,"227":18,"247":10,"248":10,"249":10,"250":10,"251":10,"252":10,"253":10,"254":10,"255":10,"256":10,"257":10,"267":1,"268":1,"284":4,"285":3,"286":3,"287":3,"297":1,"298":1,"305":2,"312":3,"319":2,"326":2,"334":5,"342":1,"349":3,"356":4,"363":1,"370":1,"377":5},"path":"/Users/ivanlieskov/Documents/GitHub/Lottery/contracts/Lottery.sol","s":{"1":1104,"2":1104,"3":1104,"4":1104,"5":1104,"6":1104,"7":1104,"8":1104,"9":1104,"10":1104,"11":1104,"12":1104,"13":1104,"14":1104,"15":126,"16":124,"17":124,"18":124,"19":124,"20":124,"21":43,"22":41,"23":40,"24":40,"25":40,"26":40,"27":40,"28":21,"29":19,"30":18,"31":18,"32":18,"33":18,"34":18,"35":18,"36":10,"37":10,"38":10,"39":10,"40":10,"41":10,"42":10,"43":10,"44":10,"45":10,"46":10,"47":1,"48":1,"49":4,"50":3,"51":3,"52":3,"53":1,"54":1,"55":2,"56":3,"57":2,"58":2,"59":5,"60":1,"61":3,"62":4,"63":1,"64":1,"65":5},"b":{"1":[1104,0],"2":[1104,0],"3":[1104,0],"4":[1104,0],"5":[1104,0],"6":[124,2],"7":[41,2],"8":[40,0],"9":[19,2],"10":[18,1],"11":[18,0],"12":[18,0],"13":[10,0],"14":[10,0],"15":[10,0],"16":[3,1]},"f":{"1":1104,"2":126,"3":43,"4":21,"5":18,"6":10,"7":1,"8":4,"9":1,"10":2,"11":3,"12":2,"13":2,"14":5,"15":1,"16":3,"17":4,"18":1,"19":1,"20":5},"fnMap":{"1":{"name":"constructor","line":127,"loc":{"start":{"line":119,"column":4},"end":{"line":142,"column":4}}},"2":{"name":"startLottery","line":155,"loc":{"start":{"line":155,"column":4},"end":{"line":163,"column":4}}},"3":{"name":"participate","line":178,"loc":{"start":{"line":178,"column":4},"end":{"line":187,"column":4}}},"4":{"name":"endLottery","line":203,"loc":{"start":{"line":203,"column":4},"end":{"line":209,"column":4}}},"5":{"name":"_pickWinner","line":218,"loc":{"start":{"line":218,"column":4},"end":{"line":228,"column":4}}},"6":{"name":"fulfillRandomWords","line":243,"loc":{"start":{"line":243,"column":4},"end":{"line":258,"column":4}}},"7":{"name":"updateSubscriptionId","line":266,"loc":{"start":{"line":266,"column":4},"end":{"line":269,"column":4}}},"8":{"name":"updatePercentages","line":283,"loc":{"start":{"line":283,"column":4},"end":{"line":288,"column":4}}},"9":{"name":"updateTicketPrice","line":296,"loc":{"start":{"line":296,"column":4},"end":{"line":299,"column":4}}},"10":{"name":"getPercentages","line":304,"loc":{"start":{"line":304,"column":4},"end":{"line":306,"column":4}}},"11":{"name":"getLotteryBalance","line":311,"loc":{"start":{"line":311,"column":4},"end":{"line":313,"column":4}}},"12":{"name":"getSubscriptionId","line":318,"loc":{"start":{"line":318,"column":4},"end":{"line":320,"column":4}}},"13":{"name":"getTicketPrice","line":325,"loc":{"start":{"line":325,"column":4},"end":{"line":327,"column":4}}},"14":{"name":"getUserFromTicket","line":333,"loc":{"start":{"line":333,"column":4},"end":{"line":335,"column":4}}},"15":{"name":"getlotteryWinner","line":341,"loc":{"start":{"line":341,"column":4},"end":{"line":343,"column":4}}},"16":{"name":"currentNumberOfTickets","line":348,"loc":{"start":{"line":348,"column":4},"end":{"line":350,"column":4}}},"17":{"name":"currentLotteryState","line":355,"loc":{"start":{"line":355,"column":4},"end":{"line":357,"column":4}}},"18":{"name":"currentLotteryId","line":362,"loc":{"start":{"line":362,"column":4},"end":{"line":364,"column":4}}},"19":{"name":"currentRandomWord","line":369,"loc":{"start":{"line":369,"column":4},"end":{"line":371,"column":4}}},"20":{"name":"getLength","line":376,"loc":{"start":{"line":376,"column":4},"end":{"line":378,"column":4}}}},"statementMap":{"1":{"start":{"line":128,"column":8},"end":{"line":128,"column":60}},"2":{"start":{"line":129,"column":8},"end":{"line":129,"column":77}},"3":{"start":{"line":130,"column":8},"end":{"line":130,"column":46}},"4":{"start":{"line":131,"column":8},"end":{"line":131,"column":59}},"5":{"start":{"line":132,"column":8},"end":{"line":132,"column":81}},"6":{"start":{"line":133,"column":8},"end":{"line":133,"column":64}},"7":{"start":{"line":134,"column":8},"end":{"line":134,"column":40}},"8":{"start":{"line":135,"column":8},"end":{"line":135,"column":40}},"9":{"start":{"line":136,"column":8},"end":{"line":136,"column":26}},"10":{"start":{"line":137,"column":8},"end":{"line":137,"column":32}},"11":{"start":{"line":138,"column":8},"end":{"line":138,"column":43}},"12":{"start":{"line":139,"column":8},"end":{"line":139,"column":44}},"13":{"start":{"line":140,"column":8},"end":{"line":140,"column":42}},"14":{"start":{"line":141,"column":8},"end":{"line":141,"column":43}},"15":{"start":{"line":156,"column":8},"end":{"line":156,"column":82}},"16":{"start":{"line":157,"column":8},"end":{"line":157,"column":26}},"17":{"start":{"line":158,"column":8},"end":{"line":158,"column":26}},"18":{"start":{"line":159,"column":8},"end":{"line":159,"column":41}},"19":{"start":{"line":161,"column":8},"end":{"line":161,"column":37}},"20":{"start":{"line":162,"column":8},"end":{"line":162,"column":42}},"21":{"start":{"line":179,"column":8},"end":{"line":179,"column":82}},"22":{"start":{"line":180,"column":8},"end":{"line":180,"column":85}},"23":{"start":{"line":181,"column":8},"end":{"line":181,"column":65}},"24":{"start":{"line":183,"column":8},"end":{"line":183,"column":49}},"25":{"start":{"line":184,"column":8},"end":{"line":184,"column":38}},"26":{"start":{"line":185,"column":8},"end":{"line":185,"column":45}},"27":{"start":{"line":186,"column":8},"end":{"line":186,"column":51}},"28":{"start":{"line":204,"column":8},"end":{"line":204,"column":76}},"29":{"start":{"line":205,"column":8},"end":{"line":205,"column":59}},"30":{"start":{"line":206,"column":8},"end":{"line":206,"column":70}},"31":{"start":{"line":207,"column":8},"end":{"line":207,"column":55}},"32":{"start":{"line":208,"column":8},"end":{"line":208,"column":20}},"33":{"start":{"line":219,"column":8},"end":{"line":219,"column":90}},"34":{"start":{"line":220,"column":8},"end":{"line":220,"column":8171}},"35":{"start":{"line":227,"column":8},"end":{"line":227,"column":43}},"36":{"start":{"line":247,"column":8},"end":{"line":247,"column":28}},"37":{"start":{"line":248,"column":8},"end":{"line":248,"column":61}},"38":{"start":{"line":249,"column":8},"end":{"line":249,"column":69}},"39":{"start":{"line":250,"column":8},"end":{"line":250,"column":63}},"40":{"start":{"line":251,"column":8},"end":{"line":251,"column":113}},"41":{"start":{"line":252,"column":8},"end":{"line":252,"column":75}},"42":{"start":{"line":253,"column":8},"end":{"line":253,"column":87}},"43":{"start":{"line":254,"column":8},"end":{"line":254,"column":74}},"44":{"start":{"line":255,"column":8},"end":{"line":255,"column":43}},"45":{"start":{"line":256,"column":8},"end":{"line":256,"column":51}},"46":{"start":{"line":257,"column":8},"end":{"line":257,"column":65}},"47":{"start":{"line":267,"column":8},"end":{"line":267,"column":43}},"48":{"start":{"line":268,"column":8},"end":{"line":268,"column":49}},"49":{"start":{"line":284,"column":8},"end":{"line":284,"column":81}},"50":{"start":{"line":285,"column":8},"end":{"line":285,"column":44}},"51":{"start":{"line":286,"column":8},"end":{"line":286,"column":42}},"52":{"start":{"line":287,"column":8},"end":{"line":287,"column":68}},"53":{"start":{"line":297,"column":8},"end":{"line":297,"column":46}},"54":{"start":{"line":298,"column":8},"end":{"line":298,"column":50}},"55":{"start":{"line":305,"column":8},"end":{"line":305,"column":52}},"56":{"start":{"line":312,"column":8},"end":{"line":312,"column":30}},"57":{"start":{"line":319,"column":8},"end":{"line":319,"column":30}},"58":{"start":{"line":326,"column":8},"end":{"line":326,"column":27}},"59":{"start":{"line":334,"column":8},"end":{"line":334,"column":40}},"60":{"start":{"line":342,"column":8},"end":{"line":342,"column":42}},"61":{"start":{"line":349,"column":8},"end":{"line":349,"column":30}},"62":{"start":{"line":356,"column":8},"end":{"line":356,"column":28}},"63":{"start":{"line":363,"column":8},"end":{"line":363,"column":25}},"64":{"start":{"line":370,"column":8},"end":{"line":370,"column":26}},"65":{"start":{"line":377,"column":8},"end":{"line":377,"column":33}}},"branchMap":{"1":{"line":128,"type":"if","locations":[{"start":{"line":128,"column":8},"end":{"line":128,"column":8}},{"start":{"line":128,"column":8},"end":{"line":128,"column":8}}]},"2":{"line":129,"type":"if","locations":[{"start":{"line":129,"column":8},"end":{"line":129,"column":8}},{"start":{"line":129,"column":8},"end":{"line":129,"column":8}}]},"3":{"line":130,"type":"if","locations":[{"start":{"line":130,"column":8},"end":{"line":130,"column":8}},{"start":{"line":130,"column":8},"end":{"line":130,"column":8}}]},"4":{"line":131,"type":"if","locations":[{"start":{"line":131,"column":8},"end":{"line":131,"column":8}},{"start":{"line":131,"column":8},"end":{"line":131,"column":8}}]},"5":{"line":132,"type":"if","locations":[{"start":{"line":132,"column":8},"end":{"line":132,"column":8}},{"start":{"line":132,"column":8},"end":{"line":132,"column":8}}]},"6":{"line":156,"type":"if","locations":[{"start":{"line":156,"column":8},"end":{"line":156,"column":8}},{"start":{"line":156,"column":8},"end":{"line":156,"column":8}}]},"7":{"line":179,"type":"if","locations":[{"start":{"line":179,"column":8},"end":{"line":179,"column":8}},{"start":{"line":179,"column":8},"end":{"line":179,"column":8}}]},"8":{"line":181,"type":"if","locations":[{"start":{"line":181,"column":8},"end":{"line":181,"column":8}},{"start":{"line":181,"column":8},"end":{"line":181,"column":8}}]},"9":{"line":204,"type":"if","locations":[{"start":{"line":204,"column":8},"end":{"line":204,"column":8}},{"start":{"line":204,"column":8},"end":{"line":204,"column":8}}]},"10":{"line":205,"type":"if","locations":[{"start":{"line":205,"column":8},"end":{"line":205,"column":8}},{"start":{"line":205,"column":8},"end":{"line":205,"column":8}}]},"11":{"line":206,"type":"if","locations":[{"start":{"line":206,"column":8},"end":{"line":206,"column":8}},{"start":{"line":206,"column":8},"end":{"line":206,"column":8}}]},"12":{"line":219,"type":"if","locations":[{"start":{"line":219,"column":8},"end":{"line":219,"column":8}},{"start":{"line":219,"column":8},"end":{"line":219,"column":8}}]},"13":{"line":248,"type":"if","locations":[{"start":{"line":248,"column":8},"end":{"line":248,"column":8}},{"start":{"line":248,"column":8},"end":{"line":248,"column":8}}]},"14":{"line":252,"type":"if","locations":[{"start":{"line":252,"column":8},"end":{"line":252,"column":8}},{"start":{"line":252,"column":8},"end":{"line":252,"column":8}}]},"15":{"line":254,"type":"if","locations":[{"start":{"line":254,"column":8},"end":{"line":254,"column":8}},{"start":{"line":254,"column":8},"end":{"line":254,"column":8}}]},"16":{"line":284,"type":"if","locations":[{"start":{"line":284,"column":8},"end":{"line":284,"column":8}},{"start":{"line":284,"column":8},"end":{"line":284,"column":8}}]}}},"contracts/mocks/VRFCoordinatorV2Mock.sol":{"l":{},"path":"/Users/ivanlieskov/Documents/GitHub/Lottery/contracts/mocks/VRFCoordinatorV2Mock.sol","s":{},"b":{},"f":{},"fnMap":{},"statementMap":{},"branchMap":{}}}