{
"contracts/Lottery.sol":{"l":{"69":720,"70":720,"71":720,"72":720,"73":720,"75":720,"84":70,"85":68,"86":68,"87":68,"88":68,"101":39,"102":37,"106":36,"111":36,"112":36,"113":36,"114":36,"115":36,"116":36,"128":19,"129":17,"130":16,"131":16,"144":16,"148":16,"155":16,"168":8,"169":8,"170":8,"171":8,"172":8,"176":8,"177":8,"178":8,"179":8,"180":8,"181":8,"192":1,"193":1,"202":1,"203":1,"210":2,"217":2,"224":2,"236":5,"248":1,"255":3,"262":4,"269":1,"276":0,"283":4},"path":"/Users/ivanlieskov/Desktop/1000GeeksLottery/contracts/Lottery.sol","s":{"1":720,"2":720,"3":720,"4":720,"5":720,"6":720,"7":70,"8":68,"9":68,"10":68,"11":39,"12":37,"13":36,"14":36,"15":36,"16":36,"17":36,"18":36,"19":19,"20":17,"21":16,"22":16,"23":16,"24":16,"25":16,"26":8,"27":8,"28":8,"29":8,"30":8,"31":8,"32":8,"33":8,"34":8,"35":8,"36":8,"37":1,"38":1,"39":1,"40":1,"41":2,"42":2,"43":2,"44":5,"45":1,"46":3,"47":4,"48":1,"49":0,"50":4},"b":{"1":[68,2],"2":[37,2],"3":[36,1],"4":[36,0],"5":[17,2],"6":[16,1],"7":[16,0],"8":[8,0],"9":[8,0],"10":[8,0]},"f":{"1":720,"2":70,"3":39,"4":19,"5":16,"6":8,"7":1,"8":1,"9":2,"10":2,"11":2,"12":5,"13":1,"14":3,"15":4,"16":1,"17":0,"18":4},"fnMap":{"1":{"name":"constructor","line":68,"loc":{"start":{"line":63,"column":2},"end":{"line":76,"column":2}}},"2":{"name":"startLottery","line":83,"loc":{"start":{"line":83,"column":2},"end":{"line":89,"column":2}}},"3":{"name":"participate","line":100,"loc":{"start":{"line":100,"column":2},"end":{"line":118,"column":2}}},"4":{"name":"endLottery","line":127,"loc":{"start":{"line":127,"column":2},"end":{"line":132,"column":2}}},"5":{"name":"_pickWinner","line":143,"loc":{"start":{"line":143,"column":2},"end":{"line":156,"column":2}}},"6":{"name":"fulfillRandomWords","line":164,"loc":{"start":{"line":164,"column":2},"end":{"line":184,"column":2}}},"7":{"name":"updateSubscriptionId","line":191,"loc":{"start":{"line":191,"column":2},"end":{"line":194,"column":2}}},"8":{"name":"updateTicketPrice","line":201,"loc":{"start":{"line":201,"column":2},"end":{"line":204,"column":2}}},"9":{"name":"getLotteryBalance","line":209,"loc":{"start":{"line":209,"column":2},"end":{"line":211,"column":2}}},"10":{"name":"getSubscriptionId","line":216,"loc":{"start":{"line":216,"column":2},"end":{"line":218,"column":2}}},"11":{"name":"getTicketPrice","line":223,"loc":{"start":{"line":223,"column":2},"end":{"line":225,"column":2}}},"12":{"name":"getUserFromTicket","line":231,"loc":{"start":{"line":231,"column":2},"end":{"line":237,"column":2}}},"13":{"name":"getlotteryWinner","line":243,"loc":{"start":{"line":243,"column":2},"end":{"line":249,"column":2}}},"14":{"name":"currentNumberOfTickets","line":254,"loc":{"start":{"line":254,"column":2},"end":{"line":256,"column":2}}},"15":{"name":"currentLotteryState","line":261,"loc":{"start":{"line":261,"column":2},"end":{"line":263,"column":2}}},"16":{"name":"currentLotteryId","line":268,"loc":{"start":{"line":268,"column":2},"end":{"line":270,"column":2}}},"17":{"name":"currentRandomWord","line":275,"loc":{"start":{"line":275,"column":2},"end":{"line":277,"column":2}}},"18":{"name":"getLength","line":282,"loc":{"start":{"line":282,"column":2},"end":{"line":284,"column":2}}}},"statementMap":{"1":{"start":{"line":69,"column":4},"end":{"line":69,"column":60}},"2":{"start":{"line":70,"column":4},"end":{"line":70,"column":36}},"3":{"start":{"line":71,"column":4},"end":{"line":71,"column":36}},"4":{"start":{"line":72,"column":4},"end":{"line":72,"column":22}},"5":{"start":{"line":73,"column":4},"end":{"line":73,"column":30}},"6":{"start":{"line":75,"column":4},"end":{"line":75,"column":38}},"7":{"start":{"line":84,"column":4},"end":{"line":84,"column":77}},"8":{"start":{"line":85,"column":4},"end":{"line":85,"column":22}},"9":{"start":{"line":86,"column":4},"end":{"line":86,"column":36}},"10":{"start":{"line":88,"column":4},"end":{"line":88,"column":33}},"11":{"start":{"line":101,"column":4},"end":{"line":101,"column":77}},"12":{"start":{"line":102,"column":4},"end":{"line":102,"column":3689}},"13":{"start":{"line":106,"column":4},"end":{"line":106,"column":3821}},"14":{"start":{"line":111,"column":4},"end":{"line":111,"column":3932}},"15":{"start":{"line":113,"column":6},"end":{"line":113,"column":56}},"16":{"start":{"line":114,"column":6},"end":{"line":114,"column":38}},"17":{"start":{"line":115,"column":6},"end":{"line":115,"column":43}},"18":{"start":{"line":116,"column":6},"end":{"line":116,"column":49}},"19":{"start":{"line":128,"column":4},"end":{"line":128,"column":71}},"20":{"start":{"line":129,"column":4},"end":{"line":129,"column":55}},"21":{"start":{"line":130,"column":4},"end":{"line":130,"column":50}},"22":{"start":{"line":131,"column":4},"end":{"line":131,"column":16}},"23":{"start":{"line":144,"column":4},"end":{"line":144,"column":5134}},"24":{"start":{"line":148,"column":4},"end":{"line":148,"column":5240}},"25":{"start":{"line":155,"column":4},"end":{"line":155,"column":39}},"26":{"start":{"line":168,"column":4},"end":{"line":168,"column":23}},"27":{"start":{"line":169,"column":4},"end":{"line":169,"column":57}},"28":{"start":{"line":170,"column":4},"end":{"line":170,"column":65}},"29":{"start":{"line":171,"column":4},"end":{"line":171,"column":59}},"30":{"start":{"line":172,"column":4},"end":{"line":172,"column":6033}},"31":{"start":{"line":176,"column":4},"end":{"line":176,"column":6151}},"32":{"start":{"line":177,"column":6},"end":{"line":177,"column":76}},"33":{"start":{"line":178,"column":6},"end":{"line":178,"column":6253}},"34":{"start":{"line":179,"column":8},"end":{"line":179,"column":27}},"35":{"start":{"line":180,"column":8},"end":{"line":180,"column":42}},"36":{"start":{"line":181,"column":8},"end":{"line":181,"column":49}},"37":{"start":{"line":192,"column":4},"end":{"line":192,"column":39}},"38":{"start":{"line":193,"column":4},"end":{"line":193,"column":45}},"39":{"start":{"line":202,"column":4},"end":{"line":202,"column":33}},"40":{"start":{"line":203,"column":4},"end":{"line":203,"column":48}},"41":{"start":{"line":210,"column":4},"end":{"line":210,"column":27}},"42":{"start":{"line":217,"column":4},"end":{"line":217,"column":26}},"43":{"start":{"line":224,"column":4},"end":{"line":224,"column":24}},"44":{"start":{"line":236,"column":4},"end":{"line":236,"column":36}},"45":{"start":{"line":248,"column":4},"end":{"line":248,"column":38}},"46":{"start":{"line":255,"column":4},"end":{"line":255,"column":26}},"47":{"start":{"line":262,"column":4},"end":{"line":262,"column":23}},"48":{"start":{"line":269,"column":4},"end":{"line":269,"column":21}},"49":{"start":{"line":276,"column":4},"end":{"line":276,"column":22}},"50":{"start":{"line":283,"column":4},"end":{"line":283,"column":29}}},"branchMap":{"1":{"line":84,"type":"if","locations":[{"start":{"line":84,"column":4},"end":{"line":84,"column":4}},{"start":{"line":84,"column":4},"end":{"line":84,"column":4}}]},"2":{"line":101,"type":"if","locations":[{"start":{"line":101,"column":4},"end":{"line":101,"column":4}},{"start":{"line":101,"column":4},"end":{"line":101,"column":4}}]},"3":{"line":102,"type":"if","locations":[{"start":{"line":102,"column":4},"end":{"line":102,"column":4}},{"start":{"line":102,"column":4},"end":{"line":102,"column":4}}]},"4":{"line":111,"type":"if","locations":[{"start":{"line":111,"column":4},"end":{"line":111,"column":4}},{"start":{"line":111,"column":4},"end":{"line":111,"column":4}}]},"5":{"line":128,"type":"if","locations":[{"start":{"line":128,"column":4},"end":{"line":128,"column":4}},{"start":{"line":128,"column":4},"end":{"line":128,"column":4}}]},"6":{"line":129,"type":"if","locations":[{"start":{"line":129,"column":4},"end":{"line":129,"column":4}},{"start":{"line":129,"column":4},"end":{"line":129,"column":4}}]},"7":{"line":144,"type":"if","locations":[{"start":{"line":144,"column":4},"end":{"line":144,"column":4}},{"start":{"line":144,"column":4},"end":{"line":144,"column":4}}]},"8":{"line":169,"type":"if","locations":[{"start":{"line":169,"column":4},"end":{"line":169,"column":4}},{"start":{"line":169,"column":4},"end":{"line":169,"column":4}}]},"9":{"line":176,"type":"if","locations":[{"start":{"line":176,"column":4},"end":{"line":176,"column":4}},{"start":{"line":176,"column":4},"end":{"line":176,"column":4}}]},"10":{"line":178,"type":"if","locations":[{"start":{"line":178,"column":6},"end":{"line":178,"column":6}},{"start":{"line":178,"column":6},"end":{"line":178,"column":6}}]}}},
"contracts/test/VRFCoordinatorV2Mock.sol":{"l":{},"path":"/Users/ivanlieskov/Desktop/1000GeeksLottery/contracts/test/VRFCoordinatorV2Mock.sol","s":{},"b":{},"f":{},"fnMap":{},"statementMap":{},"branchMap":{}},
"contracts/Token.sol":{"l":{"9":720},"path":"/Users/ivanlieskov/Desktop/1000GeeksLottery/contracts/Token.sol","s":{"1":720},"b":{},"f":{"1":720},"fnMap":{"1":{"name":"constructor","line":8,"loc":{"start":{"line":8,"column":2},"end":{"line":10,"column":2}}}},"statementMap":{"1":{"start":{"line":9,"column":4},"end":{"line":9,"column":26}}},"branchMap":{}}}
