TN:
SF:/Users/ivanlieskov/Desktop/1000GeeksLottery/contracts/Lottery.sol
FN:68,constructor
FN:83,startLottery
FN:100,participate
FN:127,endLottery
FN:143,_pickWinner
FN:164,fulfillRandomWords
FN:191,updateSubscriptionId
FN:201,updateTicketPrice
FN:209,getLotteryBalance
FN:216,getSubscriptionId
FN:223,getTicketPrice
FN:231,getUserFromTicket
FN:243,getlotteryWinner
FN:254,currentNumberOfTickets
FN:261,currentLotteryState
FN:268,currentLotteryId
FN:275,currentRandomWord
FN:282,getLength
FNF:18
FNH:17
FNDA:720,constructor
FNDA:70,startLottery
FNDA:39,participate
FNDA:19,endLottery
FNDA:16,_pickWinner
FNDA:8,fulfillRandomWords
FNDA:1,updateSubscriptionId
FNDA:1,updateTicketPrice
FNDA:2,getLotteryBalance
FNDA:2,getSubscriptionId
FNDA:2,getTicketPrice
FNDA:5,getUserFromTicket
FNDA:1,getlotteryWinner
FNDA:3,currentNumberOfTickets
FNDA:4,currentLotteryState
FNDA:1,currentLotteryId
FNDA:0,currentRandomWord
FNDA:4,getLength
DA:69,720
DA:70,720
DA:71,720
DA:72,720
DA:73,720
DA:75,720
DA:84,70
DA:85,68
DA:86,68
DA:87,68
DA:88,68
DA:101,39
DA:102,37
DA:106,36
DA:111,36
DA:112,36
DA:113,36
DA:114,36
DA:115,36
DA:116,36
DA:128,19
DA:129,17
DA:130,16
DA:131,16
DA:144,16
DA:148,16
DA:155,16
DA:168,8
DA:169,8
DA:170,8
DA:171,8
DA:172,8
DA:176,8
DA:177,8
DA:178,8
DA:179,8
DA:180,8
DA:181,8
DA:192,1
DA:193,1
DA:202,1
DA:203,1
DA:210,2
DA:217,2
DA:224,2
DA:236,5
DA:248,1
DA:255,3
DA:262,4
DA:269,1
DA:276,0
DA:283,4
LF:52
LH:51
BRDA:84,1,0,68
BRDA:84,1,1,2
BRDA:101,2,0,37
BRDA:101,2,1,2
BRDA:102,3,0,36
BRDA:102,3,1,1
BRDA:111,4,0,36
BRDA:111,4,1,0
BRDA:128,5,0,17
BRDA:128,5,1,2
BRDA:129,6,0,16
BRDA:129,6,1,1
BRDA:144,7,0,16
BRDA:144,7,1,0
BRDA:169,8,0,8
BRDA:169,8,1,0
BRDA:176,9,0,8
BRDA:176,9,1,0
BRDA:178,10,0,8
BRDA:178,10,1,0
BRF:20
BRH:15
end_of_record
TN:
SF:/Users/ivanlieskov/Desktop/1000GeeksLottery/contracts/test/VRFCoordinatorV2Mock.sol
FNF:0
FNH:0
LF:0
LH:0
BRF:0
BRH:0
end_of_record
TN:
SF:/Users/ivanlieskov/Desktop/1000GeeksLottery/contracts/Token.sol
FN:8,constructor
FNF:1
FNH:1
FNDA:720,constructor
DA:9,720
LF:1
LH:1
BRF:0
BRH:0
end_of_record
